<?xml version="1.0" encoding="UTF-8"?>
<!-- Generated by org.testng.reporters.JUnitReportReporter -->
<testsuite hostname="user" name="com.example.tests.CopyContactCreation" tests="2" failures="0" timestamp="22 Apr 2017 13:39:13 GMT" time="3.004" errors="0">
  <testcase name="testNonEmptyContactCreation" time="1.613" classname="com.example.tests.CopyContactCreation"/>
  <testcase name="testEmptyContactCreation" time="1.391" classname="com.example.tests.CopyContactCreation"/>
</testsuite> <!-- com.example.tests.CopyContactCreation -->
