<?xml version="1.0" encoding="UTF-8"?>
<!-- Generated by org.testng.reporters.JUnitReportReporter -->
<testsuite hostname="user" name="com.example.tests.GroupModification" tests="1" failures="0" timestamp="6 Aug 2017 07:32:36 GMT" time="2.796" errors="0">
  <testcase name="modifySomeGroup" time="2.796" classname="com.example.tests.GroupModification"/>
</testsuite> <!-- com.example.tests.GroupModification -->
